<?xml version="1.0" encoding="UTF-8"?>
<!-- Generated by org.testng.reporters.JUnitXMLReporter -->
<testsuite ignored="0" hostname="SPL2041" failures="0" tests="1" name="LoginAsStudent" time="0.021" errors="0" timestamp="2023-04-26T12:03:54 IST">
  <testcase classname="Utility.BaseClass" name="@BeforeSuite BS" time="0.005">
    <failure type="java.io.FileNotFoundException" message="C:\Users\Akash.Waghumbare\eclipse-workspace\Diksha_Prepod\TestData\test.xlsx (The system cannot find the file specified)">
      <![CDATA[java.io.FileNotFoundException: C:\Users\Akash.Waghumbare\eclipse-workspace\Diksha_Prepod\TestData\test.xlsx (The system cannot find the file specified)
at java.base/java.io.FileInputStream.open0(Native Method)
at java.base/java.io.FileInputStream.open(FileInputStream.java:216)
at java.base/java.io.FileInputStream.<init>(FileInputStream.java:157)
at java.base/java.io.FileInputStream.<init>(FileInputStream.java:111)
at Utility.ExcelDataProvider.<init>(ExcelDataProvider.java:13)
at Utility.BaseClass.BS(BaseClass.java:23)
... Removed 19 stack frames]]>
    </failure>
  </testcase> <!-- @BeforeSuite BS -->
  <testcase classname="Utility.BaseClass" name="@BeforeMethod Open" time="-1.682490834855E9">
    <skipped/>
  </testcase> <!-- @BeforeMethod Open -->
  <testcase classname="Utility.BaseClass" name="@AfterMethod Close" time="-1.682490834859E9">
    <skipped/>
  </testcase> <!-- @AfterMethod Close -->
  <testcase classname="TestCases.Test_01" name="LoginAsAdmin" time="0.0">
    <skipped/>
  </testcase> <!-- LoginAsAdmin -->
</testsuite> <!-- LoginAsStudent -->
