<?xml version="1.0" encoding="UTF-8"?>
<testng-results ignored="0" total="1" passed="1" failed="0" skipped="0">
  <reporter-output>
  </reporter-output>
  <suite started-at="2023-05-16T13:08:52 IST" name="Suite" finished-at="2023-05-16T13:11:50 IST" duration-ms="178024">
    <groups>
    </groups>
    <test started-at="2023-05-16T13:08:52 IST" name="Test" finished-at="2023-05-16T13:11:50 IST" duration-ms="178024">
      <class name="TestCases.Demo_Run">
        <test-method is-config="true" signature="BS()[pri:0, instance:TestCases.Demo_Run@130e116b]" started-at="2023-05-16T13:08:52 IST" name="BS" finished-at="2023-05-16T13:08:52 IST" duration-ms="579" status="PASS">
          <reporter-output>
          </reporter-output>
        </test-method> <!-- BS -->
        <test-method is-config="true" signature="Open()[pri:0, instance:TestCases.Demo_Run@130e116b]" started-at="2023-05-16T13:08:52 IST" name="Open" finished-at="2023-05-16T13:09:02 IST" duration-ms="9868" status="PASS">
          <reporter-output>
          </reporter-output>
        </test-method> <!-- Open -->
        <test-method signature="run()[pri:0, instance:TestCases.Demo_Run@130e116b]" started-at="2023-05-16T13:09:02 IST" name="run" finished-at="2023-05-16T13:11:49 IST" duration-ms="167168" status="PASS">
          <reporter-output>
          </reporter-output>
        </test-method> <!-- run -->
      </class> <!-- TestCases.Demo_Run -->
    </test> <!-- Test -->
  </suite> <!-- Suite -->
</testng-results>
